# JRE version: OpenJDK Runtime Environment (8.0_212-b04) (build 1.8.0_212-release-1586-b04)
# Java VM: OpenJDK 64-Bit Server VM (25.212-b04 mixed mode windows-amd64 compressed oops)
Heap:
 PSYoungGen      total 70656K, used 46788K [0x00000000e0000000, 0x00000000e4e00000, 0x0000000100000000)
  eden space 64512K, 63% used [0x00000000e0000000,0x00000000e27b4148,0x00000000e3f00000)
  from space 6144K, 99% used [0x00000000e4600000,0x00000000e4bfd0c8,0x00000000e4c00000)
  to   space 7168K, 0% used [0x00000000e3f00000,0x00000000e3f00000,0x00000000e4600000)
 ParOldGen       total 38912K, used 12757K [0x00000000a0000000, 0x00000000a2600000, 0x00000000e0000000)
  object space 38912K, 32% used [0x00000000a0000000,0x00000000a0c75518,0x00000000a2600000)
 Metaspace       used 30439K, capacity 31134K, committed 31360K, reserved 1077248K
  class space    used 4229K, capacity 4454K, committed 4480K, reserved 1048576K
GC Heap History (10 events):
Event: 4.606 GC heap before
{Heap before GC invocations=5 (full 0):
 PSYoungGen      total 35328K, used 35312K [0x00000000e0000000, 0x00000000e2500000, 0x0000000100000000)
  eden space 32768K, 100% used [0x00000000e0000000,0x00000000e2000000,0x00000000e2000000)
  from space 2560K, 99% used [0x00000000e2280000,0x00000000e24fc030,0x00000000e2500000)
  to   space 2560K, 0% used [0x00000000e2000000,0x00000000e2000000,0x00000000e2280000)
 ParOldGen       total 44032K, used 2347K [0x00000000a0000000, 0x00000000a2b00000, 0x00000000e0000000)
  object space 44032K, 5% used [0x00000000a0000000,0x00000000a024ad40,0x00000000a2b00000)
 Metaspace       used 13335K, capacity 13684K, committed 13824K, reserved 1060864K
  class space    used 1839K, capacity 1966K, committed 2048K, reserved 1048576K
Event: 4.623 GC heap after
Heap after GC invocations=5 (full 0):
 PSYoungGen      total 35328K, used 2544K [0x00000000e0000000, 0x00000000e4c00000, 0x0000000100000000)
  eden space 32768K, 0% used [0x00000000e0000000,0x00000000e0000000,0x00000000e2000000)
  from space 2560K, 99% used [0x00000000e2000000,0x00000000e227c010,0x00000000e2280000)
  to   space 6144K, 0% used [0x00000000e4600000,0x00000000e4600000,0x00000000e4c00000)
 ParOldGen       total 44032K, used 6317K [0x00000000a0000000, 0x00000000a2b00000, 0x00000000e0000000)
  object space 44032K, 14% used [0x00000000a0000000,0x00000000a062b568,0x00000000a2b00000)
 Metaspace       used 13335K, capacity 13684K, committed 13824K, reserved 1060864K
  class space    used 1839K, capacity 1966K, committed 2048K, reserved 1048576K
}
Event: 5.362 GC heap before
{Heap before GC invocations=6 (full 0):
 PSYoungGen      total 35328K, used 35312K [0x00000000e0000000, 0x00000000e4c00000, 0x0000000100000000)
  eden space 32768K, 100% used [0x00000000e0000000,0x00000000e2000000,0x00000000e2000000)
  from space 2560K, 99% used [0x00000000e2000000,0x00000000e227c010,0x00000000e2280000)
  to   space 6144K, 0% used [0x00000000e4600000,0x00000000e4600000,0x00000000e4c00000)
 ParOldGen       total 44032K, used 6317K [0x00000000a0000000, 0x00000000a2b00000, 0x00000000e0000000)
  object space 44032K, 14% used [0x00000000a0000000,0x00000000a062b568,0x00000000a2b00000)
 Metaspace       used 16165K, capacity 16612K, committed 16896K, reserved 1062912K
  class space    used 2294K, capacity 2456K, committed 2560K, reserved 1048576K
Event: 5.384 GC heap after
Heap after GC invocations=6 (full 0):
 PSYoungGen      total 70656K, used 6136K [0x00000000e0000000, 0x00000000e4e00000, 0x0000000100000000)
  eden space 64512K, 0% used [0x00000000e0000000,0x00000000e0000000,0x00000000e3f00000)
  from space 6144K, 99% used [0x00000000e4600000,0x00000000e4bfe1f8,0x00000000e4c00000)
  to   space 7168K, 0% used [0x00000000e3f00000,0x00000000e3f00000,0x00000000e4600000)
 ParOldGen       total 44032K, used 6643K [0x00000000a0000000, 0x00000000a2b00000, 0x00000000e0000000)
  object space 44032K, 15% used [0x00000000a0000000,0x00000000a067cdb0,0x00000000a2b00000)
 Metaspace       used 16165K, capacity 16612K, committed 16896K, reserved 1062912K
  class space    used 2294K, capacity 2456K, committed 2560K, reserved 1048576K
}
Event: 6.884 GC heap before
{Heap before GC invocations=7 (full 0):
 PSYoungGen      total 70656K, used 54004K [0x00000000e0000000, 0x00000000e4e00000, 0x0000000100000000)
  eden space 64512K, 74% used [0x00000000e0000000,0x00000000e2ebf078,0x00000000e3f00000)
  from space 6144K, 99% used [0x00000000e4600000,0x00000000e4bfe1f8,0x00000000e4c00000)
  to   space 7168K, 0% used [0x00000000e3f00000,0x00000000e3f00000,0x00000000e4600000)
 ParOldGen       total 44032K, used 6643K [0x00000000a0000000, 0x00000000a2b00000, 0x00000000e0000000)
  object space 44032K, 15% used [0x00000000a0000000,0x00000000a067cdb0,0x00000000a2b00000)
 Metaspace       used 20678K, capacity 21170K, committed 21296K, reserved 1067008K
  class space    used 2959K, capacity 3126K, committed 3200K, reserved 1048576K
Event: 6.907 GC heap after
Heap after GC invocations=7 (full 0):
 PSYoungGen      total 71680K, used 7141K [0x00000000e0000000, 0x00000000e4e00000, 0x0000000100000000)
  eden space 64512K, 0% used [0x00000000e0000000,0x00000000e0000000,0x00000000e3f00000)
  from space 7168K, 99% used [0x00000000e3f00000,0x00000000e45f9708,0x00000000e4600000)
  to   space 6144K, 0% used [0x00000000e4600000,0x00000000e4600000,0x00000000e4c00000)
 ParOldGen       total 44032K, used 9381K [0x00000000a0000000, 0x00000000a2b00000, 0x00000000e0000000)
  object space 44032K, 21% used [0x00000000a0000000,0x00000000a0929630,0x00000000a2b00000)
 Metaspace       used 20678K, capacity 21170K, committed 21296K, reserved 1067008K
  class space    used 2959K, capacity 3126K, committed 3200K, reserved 1048576K
}
Event: 6.908 GC heap before
{Heap before GC invocations=8 (full 1):
 PSYoungGen      total 71680K, used 7141K [0x00000000e0000000, 0x00000000e4e00000, 0x0000000100000000)
  eden space 64512K, 0% used [0x00000000e0000000,0x00000000e0000000,0x00000000e3f00000)
  from space 7168K, 99% used [0x00000000e3f00000,0x00000000e45f9708,0x00000000e4600000)
  to   space 6144K, 0% used [0x00000000e4600000,0x00000000e4600000,0x00000000e4c00000)
 ParOldGen       total 44032K, used 9381K [0x00000000a0000000, 0x00000000a2b00000, 0x00000000e0000000)
  object space 44032K, 21% used [0x00000000a0000000,0x00000000a0929630,0x00000000a2b00000)
 Metaspace       used 20678K, capacity 21170K, committed 21296K, reserved 1067008K
  class space    used 2959K, capacity 3126K, committed 3200K, reserved 1048576K
Event: 6.989 GC heap after
Heap after GC invocations=8 (full 1):
 PSYoungGen      total 71680K, used 0K [0x00000000e0000000, 0x00000000e4e00000, 0x0000000100000000)
  eden space 64512K, 0% used [0x00000000e0000000,0x00000000e0000000,0x00000000e3f00000)
  from space 7168K, 0% used [0x00000000e3f00000,0x00000000e3f00000,0x00000000e4600000)
  to   space 6144K, 0% used [0x00000000e4600000,0x00000000e4600000,0x00000000e4c00000)
 ParOldGen       total 38912K, used 11372K [0x00000000a0000000, 0x00000000a2600000, 0x00000000e0000000)
  object space 38912K, 29% used [0x00000000a0000000,0x00000000a0b1b208,0x00000000a2600000)
 Metaspace       used 20678K, capacity 21170K, committed 21296K, reserved 1067008K
  class space    used 2959K, capacity 3126K, committed 3200K, reserved 1048576K
}
Event: 8.373 GC heap before
{Heap before GC invocations=9 (full 1):
 PSYoungGen      total 71680K, used 64512K [0x00000000e0000000, 0x00000000e4e00000, 0x0000000100000000)
  eden space 64512K, 100% used [0x00000000e0000000,0x00000000e3f00000,0x00000000e3f00000)
  from space 7168K, 0% used [0x00000000e3f00000,0x00000000e3f00000,0x00000000e4600000)
  to   space 6144K, 0% used [0x00000000e4600000,0x00000000e4600000,0x00000000e4c00000)
 ParOldGen       total 38912K, used 11372K [0x00000000a0000000, 0x00000000a2600000, 0x00000000e0000000)
  object space 38912K, 29% used [0x00000000a0000000,0x00000000a0b1b208,0x00000000a2600000)
 Metaspace       used 28151K, capacity 28628K, committed 28928K, reserved 1075200K
  class space    used 3872K, capacity 4031K, committed 4096K, reserved 1048576K
Event: 8.394 GC heap after
Heap after GC invocations=9 (full 1):
 PSYoungGen      total 70656K, used 6132K [0x00000000e0000000, 0x00000000e4e00000, 0x0000000100000000)
  eden space 64512K, 0% used [0x00000000e0000000,0x00000000e0000000,0x00000000e3f00000)
  from space 6144K, 99% used [0x00000000e4600000,0x00000000e4bfd0c8,0x00000000e4c00000)
  to   space 7168K, 0% used [0x00000000e3f00000,0x00000000e3f00000,0x00000000e4600000)
 ParOldGen       total 38912K, used 12757K [0x00000000a0000000, 0x00000000a2600000, 0x00000000e0000000)
  object space 38912K, 32% used [0x00000000a0000000,0x00000000a0c75518,0x00000000a2600000)
 Metaspace       used 28151K, capacity 28628K, committed 28928K, reserved 1075200K
  class space    used 3872K, capacity 4031K, committed 4096K, reserved 1048576K
}

