# JRE version: OpenJDK Runtime Environment (8.0_212-b04) (build 1.8.0_212-release-1586-b04)
# Java VM: OpenJDK 64-Bit Server VM (25.212-b04 mixed mode windows-amd64 compressed oops)
Heap:
 PSYoungGen      total 71680K, used 36016K [0x00000000e0000000, 0x00000000e4e00000, 0x0000000100000000)
  eden space 65024K, 45% used [0x00000000e0000000,0x00000000e1cb1e68,0x00000000e3f80000)
  from space 6656K, 99% used [0x00000000e4680000,0x00000000e4cfa410,0x00000000e4d00000)
  to   space 7168K, 0% used [0x00000000e3f80000,0x00000000e3f80000,0x00000000e4680000)
 ParOldGen       total 35328K, used 10009K [0x00000000a0000000, 0x00000000a2280000, 0x00000000e0000000)
  object space 35328K, 28% used [0x00000000a0000000,0x00000000a09c6440,0x00000000a2280000)
 Metaspace       used 30139K, capacity 30594K, committed 30848K, reserved 1075200K
  class space    used 4189K, capacity 4364K, committed 4480K, reserved 1048576K
GC Heap History (10 events):
Event: 5.591 GC heap before
{Heap before GC invocations=7 (full 0):
 PSYoungGen      total 37888K, used 37043K [0x00000000e0000000, 0x00000000e2a00000, 0x0000000100000000)
  eden space 32768K, 100% used [0x00000000e0000000,0x00000000e2000000,0x00000000e2000000)
  from space 5120K, 83% used [0x00000000e2500000,0x00000000e292cd88,0x00000000e2a00000)
  to   space 5120K, 0% used [0x00000000e2000000,0x00000000e2000000,0x00000000e2500000)
 ParOldGen       total 44032K, used 4836K [0x00000000a0000000, 0x00000000a2b00000, 0x00000000e0000000)
  object space 44032K, 10% used [0x00000000a0000000,0x00000000a04b9158,0x00000000a2b00000)
 Metaspace       used 16239K, capacity 16680K, committed 16896K, reserved 1062912K
  class space    used 2308K, capacity 2456K, committed 2560K, reserved 1048576K
Event: 5.612 GC heap after
Heap after GC invocations=7 (full 0):
 PSYoungGen      total 37888K, used 5098K [0x00000000e0000000, 0x00000000e4d00000, 0x0000000100000000)
  eden space 32768K, 0% used [0x00000000e0000000,0x00000000e0000000,0x00000000e2000000)
  from space 5120K, 99% used [0x00000000e2000000,0x00000000e24fa930,0x00000000e2500000)
  to   space 6656K, 0% used [0x00000000e4680000,0x00000000e4680000,0x00000000e4d00000)
 ParOldGen       total 44032K, used 6666K [0x00000000a0000000, 0x00000000a2b00000, 0x00000000e0000000)
  object space 44032K, 15% used [0x00000000a0000000,0x00000000a06828f0,0x00000000a2b00000)
 Metaspace       used 16239K, capacity 16680K, committed 16896K, reserved 1062912K
  class space    used 2308K, capacity 2456K, committed 2560K, reserved 1048576K
}
Event: 6.625 GC heap before
{Heap before GC invocations=8 (full 0):
 PSYoungGen      total 37888K, used 37866K [0x00000000e0000000, 0x00000000e4d00000, 0x0000000100000000)
  eden space 32768K, 100% used [0x00000000e0000000,0x00000000e2000000,0x00000000e2000000)
  from space 5120K, 99% used [0x00000000e2000000,0x00000000e24fa930,0x00000000e2500000)
  to   space 6656K, 0% used [0x00000000e4680000,0x00000000e4680000,0x00000000e4d00000)
 ParOldGen       total 44032K, used 6666K [0x00000000a0000000, 0x00000000a2b00000, 0x00000000e0000000)
  object space 44032K, 15% used [0x00000000a0000000,0x00000000a06828f0,0x00000000a2b00000)
 Metaspace       used 18924K, capacity 19432K, committed 19584K, reserved 1067008K
  class space    used 2744K, capacity 2930K, committed 2944K, reserved 1048576K
Event: 6.639 GC heap after
Heap after GC invocations=8 (full 0):
 PSYoungGen      total 71680K, used 6190K [0x00000000e0000000, 0x00000000e4e00000, 0x0000000100000000)
  eden space 65024K, 0% used [0x00000000e0000000,0x00000000e0000000,0x00000000e3f80000)
  from space 6656K, 93% used [0x00000000e4680000,0x00000000e4c8b858,0x00000000e4d00000)
  to   space 7168K, 0% used [0x00000000e3f80000,0x00000000e3f80000,0x00000000e4680000)
 ParOldGen       total 44032K, used 7474K [0x00000000a0000000, 0x00000000a2b00000, 0x00000000e0000000)
  object space 44032K, 16% used [0x00000000a0000000,0x00000000a074c910,0x00000000a2b00000)
 Metaspace       used 18924K, capacity 19432K, committed 19584K, reserved 1067008K
  class space    used 2744K, capacity 2930K, committed 2944K, reserved 1048576K
}
Event: 7.259 GC heap before
{Heap before GC invocations=9 (full 0):
 PSYoungGen      total 71680K, used 21560K [0x00000000e0000000, 0x00000000e4e00000, 0x0000000100000000)
  eden space 65024K, 23% used [0x00000000e0000000,0x00000000e0f02920,0x00000000e3f80000)
  from space 6656K, 93% used [0x00000000e4680000,0x00000000e4c8b858,0x00000000e4d00000)
  to   space 7168K, 0% used [0x00000000e3f80000,0x00000000e3f80000,0x00000000e4680000)
 ParOldGen       total 44032K, used 7474K [0x00000000a0000000, 0x00000000a2b00000, 0x00000000e0000000)
  object space 44032K, 16% used [0x00000000a0000000,0x00000000a074c910,0x00000000a2b00000)
 Metaspace       used 20713K, capacity 21174K, committed 21296K, reserved 1067008K
  class space    used 2967K, capacity 3126K, committed 3200K, reserved 1048576K
Event: 7.276 GC heap after
Heap after GC invocations=9 (full 0):
 PSYoungGen      total 72192K, used 5190K [0x00000000e0000000, 0x00000000e4e00000, 0x0000000100000000)
  eden space 65024K, 0% used [0x00000000e0000000,0x00000000e0000000,0x00000000e3f80000)
  from space 7168K, 72% used [0x00000000e3f80000,0x00000000e4491bf8,0x00000000e4680000)
  to   space 6656K, 0% used [0x00000000e4680000,0x00000000e4680000,0x00000000e4d00000)
 ParOldGen       total 44032K, used 8490K [0x00000000a0000000, 0x00000000a2b00000, 0x00000000e0000000)
  object space 44032K, 19% used [0x00000000a0000000,0x00000000a084a960,0x00000000a2b00000)
 Metaspace       used 20713K, capacity 21174K, committed 21296K, reserved 1067008K
  class space    used 2967K, capacity 3126K, committed 3200K, reserved 1048576K
}
Event: 7.276 GC heap before
{Heap before GC invocations=10 (full 1):
 PSYoungGen      total 72192K, used 5190K [0x00000000e0000000, 0x00000000e4e00000, 0x0000000100000000)
  eden space 65024K, 0% used [0x00000000e0000000,0x00000000e0000000,0x00000000e3f80000)
  from space 7168K, 72% used [0x00000000e3f80000,0x00000000e4491bf8,0x00000000e4680000)
  to   space 6656K, 0% used [0x00000000e4680000,0x00000000e4680000,0x00000000e4d00000)
 ParOldGen       total 44032K, used 8490K [0x00000000a0000000, 0x00000000a2b00000, 0x00000000e0000000)
  object space 44032K, 19% used [0x00000000a0000000,0x00000000a084a960,0x00000000a2b00000)
 Metaspace       used 20713K, capacity 21174K, committed 21296K, reserved 1067008K
  class space    used 2967K, capacity 3126K, committed 3200K, reserved 1048576K
Event: 7.380 GC heap after
Heap after GC invocations=10 (full 1):
 PSYoungGen      total 72192K, used 0K [0x00000000e0000000, 0x00000000e4e00000, 0x0000000100000000)
  eden space 65024K, 0% used [0x00000000e0000000,0x00000000e0000000,0x00000000e3f80000)
  from space 7168K, 0% used [0x00000000e3f80000,0x00000000e3f80000,0x00000000e4680000)
  to   space 6656K, 0% used [0x00000000e4680000,0x00000000e4680000,0x00000000e4d00000)
 ParOldGen       total 35328K, used 9167K [0x00000000a0000000, 0x00000000a2280000, 0x00000000e0000000)
  object space 35328K, 25% used [0x00000000a0000000,0x00000000a08f3d00,0x00000000a2280000)
 Metaspace       used 20713K, capacity 21174K, committed 21296K, reserved 1067008K
  class space    used 2967K, capacity 3126K, committed 3200K, reserved 1048576K
}
Event: 9.132 GC heap before
{Heap before GC invocations=11 (full 1):
 PSYoungGen      total 72192K, used 65024K [0x00000000e0000000, 0x00000000e4e00000, 0x0000000100000000)
  eden space 65024K, 100% used [0x00000000e0000000,0x00000000e3f80000,0x00000000e3f80000)
  from space 7168K, 0% used [0x00000000e3f80000,0x00000000e3f80000,0x00000000e4680000)
  to   space 6656K, 0% used [0x00000000e4680000,0x00000000e4680000,0x00000000e4d00000)
 ParOldGen       total 35328K, used 9167K [0x00000000a0000000, 0x00000000a2280000, 0x00000000e0000000)
  object space 35328K, 25% used [0x00000000a0000000,0x00000000a08f3d00,0x00000000a2280000)
 Metaspace       used 28313K, capacity 28862K, committed 29184K, reserved 1075200K
  class space    used 3894K, capacity 4064K, committed 4096K, reserved 1048576K
Event: 9.142 GC heap after
Heap after GC invocations=11 (full 1):
 PSYoungGen      total 71680K, used 6633K [0x00000000e0000000, 0x00000000e4e00000, 0x0000000100000000)
  eden space 65024K, 0% used [0x00000000e0000000,0x00000000e0000000,0x00000000e3f80000)
  from space 6656K, 99% used [0x00000000e4680000,0x00000000e4cfa410,0x00000000e4d00000)
  to   space 7168K, 0% used [0x00000000e3f80000,0x00000000e3f80000,0x00000000e4680000)
 ParOldGen       total 35328K, used 10009K [0x00000000a0000000, 0x00000000a2280000, 0x00000000e0000000)
  object space 35328K, 28% used [0x00000000a0000000,0x00000000a09c6440,0x00000000a2280000)
 Metaspace       used 28313K, capacity 28862K, committed 29184K, reserved 1075200K
  class space    used 3894K, capacity 4064K, committed 4096K, reserved 1048576K
}

