# JRE version: OpenJDK Runtime Environment (8.0_212-b04) (build 1.8.0_212-release-1586-b04)
# Java VM: OpenJDK 64-Bit Server VM (25.212-b04 mixed mode windows-amd64 compressed oops)
Heap:
 PSYoungGen      total 152064K, used 113843K [0x00000000e0000000, 0x00000000ef380000, 0x0000000100000000)
  eden space 88576K, 56% used [0x00000000e0000000,0x00000000e3130270,0x00000000e5680000)
  from space 63488K, 99% used [0x00000000e9f00000,0x00000000edcfcaf8,0x00000000edd00000)
  to   space 74240K, 0% used [0x00000000e5680000,0x00000000e5680000,0x00000000e9f00000)
 ParOldGen       total 195584K, used 103941K [0x00000000a0000000, 0x00000000abf00000, 0x00000000e0000000)
  object space 195584K, 53% used [0x00000000a0000000,0x00000000a6581538,0x00000000abf00000)
 Metaspace       used 75757K, capacity 78264K, committed 78760K, reserved 1118208K
  class space    used 9649K, capacity 10227K, committed 10408K, reserved 1048576K
GC Heap History (10 events):
Event: 2888.042 GC heap before
{Heap before GC invocations=30 (full 3):
 PSYoungGen      total 136704K, used 135325K [0x00000000e0000000, 0x00000000eb580000, 0x0000000100000000)
  eden space 105472K, 98% used [0x00000000e0000000,0x00000000e65e3408,0x00000000e6700000)
  from space 31232K, 99% used [0x00000000e9700000,0x00000000eb544008,0x00000000eb580000)
  to   space 37888K, 0% used [0x00000000e6b80000,0x00000000e6b80000,0x00000000e9080000)
 ParOldGen       total 95232K, used 70498K [0x00000000a0000000, 0x00000000a5d00000, 0x00000000e0000000)
  object space 95232K, 74% used [0x00000000a0000000,0x00000000a44d8818,0x00000000a5d00000)
 Metaspace       used 74964K, capacity 77598K, committed 77608K, reserved 1116160K
  class space    used 9661K, capacity 10275K, committed 10280K, reserved 1048576K
Event: 2888.176 GC heap after
Heap after GC invocations=30 (full 3):
 PSYoungGen      total 140288K, used 37882K [0x00000000e0000000, 0x00000000ec000000, 0x0000000100000000)
  eden space 102400K, 0% used [0x00000000e0000000,0x00000000e0000000,0x00000000e6400000)
  from space 37888K, 99% used [0x00000000e6b80000,0x00000000e907eae8,0x00000000e9080000)
  to   space 47104K, 0% used [0x00000000e9200000,0x00000000e9200000,0x00000000ec000000)
 ParOldGen       total 95232K, used 79245K [0x00000000a0000000, 0x00000000a5d00000, 0x00000000e0000000)
  object space 95232K, 83% used [0x00000000a0000000,0x00000000a4d63440,0x00000000a5d00000)
 Metaspace       used 74964K, capacity 77598K, committed 77608K, reserved 1116160K
  class space    used 9661K, capacity 10275K, committed 10280K, reserved 1048576K
}
Event: 2894.655 GC heap before
{Heap before GC invocations=31 (full 3):
 PSYoungGen      total 140288K, used 140282K [0x00000000e0000000, 0x00000000ec000000, 0x0000000100000000)
  eden space 102400K, 100% used [0x00000000e0000000,0x00000000e6400000,0x00000000e6400000)
  from space 37888K, 99% used [0x00000000e6b80000,0x00000000e907eae8,0x00000000e9080000)
  to   space 47104K, 0% used [0x00000000e9200000,0x00000000e9200000,0x00000000ec000000)
 ParOldGen       total 95232K, used 79245K [0x00000000a0000000, 0x00000000a5d00000, 0x00000000e0000000)
  object space 95232K, 83% used [0x00000000a0000000,0x00000000a4d63440,0x00000000a5d00000)
 Metaspace       used 75030K, capacity 77662K, committed 77864K, reserved 1116160K
  class space    used 9662K, capacity 10275K, committed 10280K, reserved 1048576K
Event: 2894.791 GC heap after
Heap after GC invocations=31 (full 3):
 PSYoungGen      total 133120K, used 47087K [0x00000000e0000000, 0x00000000eeb80000, 0x0000000100000000)
  eden space 86016K, 0% used [0x00000000e0000000,0x00000000e0000000,0x00000000e5400000)
  from space 47104K, 99% used [0x00000000e9200000,0x00000000ebffbea0,0x00000000ec000000)
  to   space 63488K, 0% used [0x00000000e5400000,0x00000000e5400000,0x00000000e9200000)
 ParOldGen       total 103424K, used 102470K [0x00000000a0000000, 0x00000000a6500000, 0x00000000e0000000)
  object space 103424K, 99% used [0x00000000a0000000,0x00000000a6411ac8,0x00000000a6500000)
 Metaspace       used 75030K, capacity 77662K, committed 77864K, reserved 1116160K
  class space    used 9662K, capacity 10275K, committed 10280K, reserved 1048576K
}
Event: 2894.870 GC heap before
{Heap before GC invocations=32 (full 4):
 PSYoungGen      total 133120K, used 47087K [0x00000000e0000000, 0x00000000eeb80000, 0x0000000100000000)
  eden space 86016K, 0% used [0x00000000e0000000,0x00000000e0000000,0x00000000e5400000)
  from space 47104K, 99% used [0x00000000e9200000,0x00000000ebffbea0,0x00000000ec000000)
  to   space 63488K, 0% used [0x00000000e5400000,0x00000000e5400000,0x00000000e9200000)
 ParOldGen       total 103424K, used 102470K [0x00000000a0000000, 0x00000000a6500000, 0x00000000e0000000)
  object space 103424K, 99% used [0x00000000a0000000,0x00000000a6411ac8,0x00000000a6500000)
 Metaspace       used 75030K, capacity 77662K, committed 77864K, reserved 1116160K
  class space    used 9662K, capacity 10275K, committed 10280K, reserved 1048576K
Event: 2896.784 GC heap after
Heap after GC invocations=32 (full 4):
 PSYoungGen      total 133120K, used 447K [0x00000000e0000000, 0x00000000eeb80000, 0x0000000100000000)
  eden space 86016K, 0% used [0x00000000e0000000,0x00000000e0000000,0x00000000e5400000)
  from space 47104K, 0% used [0x00000000e9200000,0x00000000e926fe28,0x00000000ec000000)
  to   space 63488K, 0% used [0x00000000e5400000,0x00000000e5400000,0x00000000e9200000)
 ParOldGen       total 195584K, used 103381K [0x00000000a0000000, 0x00000000abf00000, 0x00000000e0000000)
  object space 195584K, 52% used [0x00000000a0000000,0x00000000a64f5528,0x00000000abf00000)
 Metaspace       used 74587K, capacity 76950K, committed 77864K, reserved 1116160K
  class space    used 9596K, capacity 10153K, committed 10280K, reserved 1048576K
}
Event: 2897.943 GC heap before
{Heap before GC invocations=33 (full 4):
 PSYoungGen      total 133120K, used 86463K [0x00000000e0000000, 0x00000000eeb80000, 0x0000000100000000)
  eden space 86016K, 100% used [0x00000000e0000000,0x00000000e5400000,0x00000000e5400000)
  from space 47104K, 0% used [0x00000000e9200000,0x00000000e926fe28,0x00000000ec000000)
  to   space 63488K, 0% used [0x00000000e5400000,0x00000000e5400000,0x00000000e9200000)
 ParOldGen       total 195584K, used 103381K [0x00000000a0000000, 0x00000000abf00000, 0x00000000e0000000)
  object space 195584K, 52% used [0x00000000a0000000,0x00000000a64f5528,0x00000000abf00000)
 Metaspace       used 74936K, capacity 77376K, committed 77864K, reserved 1116160K
  class space    used 9619K, capacity 10191K, committed 10280K, reserved 1048576K
Event: 2898.032 GC heap after
Heap after GC invocations=33 (full 4):
 PSYoungGen      total 149504K, used 35366K [0x00000000e0000000, 0x00000000edd00000, 0x0000000100000000)
  eden space 86016K, 0% used [0x00000000e0000000,0x00000000e0000000,0x00000000e5400000)
  from space 63488K, 55% used [0x00000000e5400000,0x00000000e7689b78,0x00000000e9200000)
  to   space 63488K, 0% used [0x00000000e9f00000,0x00000000e9f00000,0x00000000edd00000)
 ParOldGen       total 195584K, used 103437K [0x00000000a0000000, 0x00000000abf00000, 0x00000000e0000000)
  object space 195584K, 52% used [0x00000000a0000000,0x00000000a6503528,0x00000000abf00000)
 Metaspace       used 74936K, capacity 77376K, committed 77864K, reserved 1116160K
  class space    used 9619K, capacity 10191K, committed 10280K, reserved 1048576K
}
Event: 2901.905 GC heap before
{Heap before GC invocations=34 (full 4):
 PSYoungGen      total 149504K, used 121382K [0x00000000e0000000, 0x00000000edd00000, 0x0000000100000000)
  eden space 86016K, 100% used [0x00000000e0000000,0x00000000e5400000,0x00000000e5400000)
  from space 63488K, 55% used [0x00000000e5400000,0x00000000e7689b78,0x00000000e9200000)
  to   space 63488K, 0% used [0x00000000e9f00000,0x00000000e9f00000,0x00000000edd00000)
 ParOldGen       total 195584K, used 103437K [0x00000000a0000000, 0x00000000abf00000, 0x00000000e0000000)
  object space 195584K, 52% used [0x00000000a0000000,0x00000000a6503528,0x00000000abf00000)
 Metaspace       used 75524K, capacity 77984K, committed 78504K, reserved 1118208K
  class space    used 9641K, capacity 10223K, committed 10408K, reserved 1048576K
Event: 2902.030 GC heap after
Heap after GC invocations=34 (full 4):
 PSYoungGen      total 152064K, used 63474K [0x00000000e0000000, 0x00000000ef380000, 0x0000000100000000)
  eden space 88576K, 0% used [0x00000000e0000000,0x00000000e0000000,0x00000000e5680000)
  from space 63488K, 99% used [0x00000000e9f00000,0x00000000edcfcaf8,0x00000000edd00000)
  to   space 74240K, 0% used [0x00000000e5680000,0x00000000e5680000,0x00000000e9f00000)
 ParOldGen       total 195584K, used 103941K [0x00000000a0000000, 0x00000000abf00000, 0x00000000e0000000)
  object space 195584K, 53% used [0x00000000a0000000,0x00000000a6581538,0x00000000abf00000)
 Metaspace       used 75524K, capacity 77984K, committed 78504K, reserved 1118208K
  class space    used 9641K, capacity 10223K, committed 10408K, reserved 1048576K
}

