# JRE version: OpenJDK Runtime Environment (8.0_212-b04) (build 1.8.0_212-release-1586-b04)
# Java VM: OpenJDK 64-Bit Server VM (25.212-b04 mixed mode windows-amd64 compressed oops)
Heap:
 PSYoungGen      total 66048K, used 34075K [0x00000000e0000000, 0x00000000e5880000, 0x0000000100000000)
  eden space 58368K, 45% used [0x00000000e0000000,0x00000000e1a2a180,0x00000000e3900000)
  from space 7680K, 94% used [0x00000000e3900000,0x00000000e401cb58,0x00000000e4080000)
  to   space 8192K, 0% used [0x00000000e5080000,0x00000000e5080000,0x00000000e5880000)
 ParOldGen       total 58880K, used 17510K [0x00000000a0000000, 0x00000000a3980000, 0x00000000e0000000)
  object space 58880K, 29% used [0x00000000a0000000,0x00000000a1119b30,0x00000000a3980000)
 Metaspace       used 43286K, capacity 44300K, committed 44456K, reserved 1087488K
  class space    used 5884K, capacity 6207K, committed 6312K, reserved 1048576K
GC Heap History (10 events):
Event: 32.436 GC heap before
{Heap before GC invocations=11 (full 1):
 PSYoungGen      total 45568K, used 45558K [0x00000000e0000000, 0x00000000e3880000, 0x0000000100000000)
  eden space 40448K, 100% used [0x00000000e0000000,0x00000000e2780000,0x00000000e2780000)
  from space 5120K, 99% used [0x00000000e2c00000,0x00000000e30fd838,0x00000000e3100000)
  to   space 7680K, 0% used [0x00000000e3100000,0x00000000e3100000,0x00000000e3880000)
 ParOldGen       total 38400K, used 9506K [0x00000000a0000000, 0x00000000a2580000, 0x00000000e0000000)
  object space 38400K, 24% used [0x00000000a0000000,0x00000000a0948b70,0x00000000a2580000)
 Metaspace       used 30353K, capacity 30882K, committed 31104K, reserved 1075200K
  class space    used 4227K, capacity 4414K, committed 4480K, reserved 1048576K
Event: 32.451 GC heap after
Heap after GC invocations=11 (full 1):
 PSYoungGen      total 50176K, used 4663K [0x00000000e0000000, 0x00000000e4500000, 0x0000000100000000)
  eden space 42496K, 0% used [0x00000000e0000000,0x00000000e0000000,0x00000000e2980000)
  from space 7680K, 60% used [0x00000000e3100000,0x00000000e358ddf0,0x00000000e3880000)
  to   space 7680K, 0% used [0x00000000e2980000,0x00000000e2980000,0x00000000e3100000)
 ParOldGen       total 38400K, used 11690K [0x00000000a0000000, 0x00000000a2580000, 0x00000000e0000000)
  object space 38400K, 30% used [0x00000000a0000000,0x00000000a0b6ab80,0x00000000a2580000)
 Metaspace       used 30353K, capacity 30882K, committed 31104K, reserved 1075200K
  class space    used 4227K, capacity 4414K, committed 4480K, reserved 1048576K
}
Event: 34.029 GC heap before
{Heap before GC invocations=12 (full 1):
 PSYoungGen      total 50176K, used 47159K [0x00000000e0000000, 0x00000000e4500000, 0x0000000100000000)
  eden space 42496K, 100% used [0x00000000e0000000,0x00000000e2980000,0x00000000e2980000)
  from space 7680K, 60% used [0x00000000e3100000,0x00000000e358ddf0,0x00000000e3880000)
  to   space 7680K, 0% used [0x00000000e2980000,0x00000000e2980000,0x00000000e3100000)
 ParOldGen       total 38400K, used 11690K [0x00000000a0000000, 0x00000000a2580000, 0x00000000e0000000)
  object space 38400K, 30% used [0x00000000a0000000,0x00000000a0b6ab80,0x00000000a2580000)
 Metaspace       used 33251K, capacity 33956K, committed 34304K, reserved 1079296K
  class space    used 4557K, capacity 4755K, committed 4864K, reserved 1048576K
Event: 34.042 GC heap after
Heap after GC invocations=12 (full 1):
 PSYoungGen      total 50176K, used 4495K [0x00000000e0000000, 0x00000000e4800000, 0x0000000100000000)
  eden space 42496K, 0% used [0x00000000e0000000,0x00000000e0000000,0x00000000e2980000)
  from space 7680K, 58% used [0x00000000e2980000,0x00000000e2de3d40,0x00000000e3100000)
  to   space 7680K, 0% used [0x00000000e4080000,0x00000000e4080000,0x00000000e4800000)
 ParOldGen       total 38400K, used 14152K [0x00000000a0000000, 0x00000000a2580000, 0x00000000e0000000)
  object space 38400K, 36% used [0x00000000a0000000,0x00000000a0dd2008,0x00000000a2580000)
 Metaspace       used 33251K, capacity 33956K, committed 34304K, reserved 1079296K
  class space    used 4557K, capacity 4755K, committed 4864K, reserved 1048576K
}
Event: 35.523 GC heap before
{Heap before GC invocations=13 (full 1):
 PSYoungGen      total 50176K, used 41305K [0x00000000e0000000, 0x00000000e4800000, 0x0000000100000000)
  eden space 42496K, 86% used [0x00000000e0000000,0x00000000e23f28c8,0x00000000e2980000)
  from space 7680K, 58% used [0x00000000e2980000,0x00000000e2de3d40,0x00000000e3100000)
  to   space 7680K, 0% used [0x00000000e4080000,0x00000000e4080000,0x00000000e4800000)
 ParOldGen       total 38400K, used 14152K [0x00000000a0000000, 0x00000000a2580000, 0x00000000e0000000)
  object space 38400K, 36% used [0x00000000a0000000,0x00000000a0dd2008,0x00000000a2580000)
 Metaspace       used 34793K, capacity 35432K, committed 35496K, reserved 1079296K
  class space    used 4815K, capacity 5005K, committed 5032K, reserved 1048576K
Event: 35.540 GC heap after
Heap after GC invocations=13 (full 1):
 PSYoungGen      total 66048K, used 3014K [0x00000000e0000000, 0x00000000e4900000, 0x0000000100000000)
  eden space 58368K, 0% used [0x00000000e0000000,0x00000000e0000000,0x00000000e3900000)
  from space 7680K, 39% used [0x00000000e4080000,0x00000000e4371838,0x00000000e4800000)
  to   space 7680K, 0% used [0x00000000e3900000,0x00000000e3900000,0x00000000e4080000)
 ParOldGen       total 38400K, used 16608K [0x00000000a0000000, 0x00000000a2580000, 0x00000000e0000000)
  object space 38400K, 43% used [0x00000000a0000000,0x00000000a1038008,0x00000000a2580000)
 Metaspace       used 34793K, capacity 35432K, committed 35496K, reserved 1079296K
  class space    used 4815K, capacity 5005K, committed 5032K, reserved 1048576K
}
Event: 35.540 GC heap before
{Heap before GC invocations=14 (full 2):
 PSYoungGen      total 66048K, used 3014K [0x00000000e0000000, 0x00000000e4900000, 0x0000000100000000)
  eden space 58368K, 0% used [0x00000000e0000000,0x00000000e0000000,0x00000000e3900000)
  from space 7680K, 39% used [0x00000000e4080000,0x00000000e4371838,0x00000000e4800000)
  to   space 7680K, 0% used [0x00000000e3900000,0x00000000e3900000,0x00000000e4080000)
 ParOldGen       total 38400K, used 16608K [0x00000000a0000000, 0x00000000a2580000, 0x00000000e0000000)
  object space 38400K, 43% used [0x00000000a0000000,0x00000000a1038008,0x00000000a2580000)
 Metaspace       used 34793K, capacity 35432K, committed 35496K, reserved 1079296K
  class space    used 4815K, capacity 5005K, committed 5032K, reserved 1048576K
Event: 35.664 GC heap after
Heap after GC invocations=14 (full 2):
 PSYoungGen      total 66048K, used 0K [0x00000000e0000000, 0x00000000e4900000, 0x0000000100000000)
  eden space 58368K, 0% used [0x00000000e0000000,0x00000000e0000000,0x00000000e3900000)
  from space 7680K, 0% used [0x00000000e4080000,0x00000000e4080000,0x00000000e4800000)
  to   space 7680K, 0% used [0x00000000e3900000,0x00000000e3900000,0x00000000e4080000)
 ParOldGen       total 58880K, used 17502K [0x00000000a0000000, 0x00000000a3980000, 0x00000000e0000000)
  object space 58880K, 29% used [0x00000000a0000000,0x00000000a1117b30,0x00000000a3980000)
 Metaspace       used 34793K, capacity 35432K, committed 35496K, reserved 1079296K
  class space    used 4815K, capacity 5005K, committed 5032K, reserved 1048576K
}
Event: 43.051 GC heap before
{Heap before GC invocations=15 (full 2):
 PSYoungGen      total 66048K, used 58368K [0x00000000e0000000, 0x00000000e4900000, 0x0000000100000000)
  eden space 58368K, 100% used [0x00000000e0000000,0x00000000e3900000,0x00000000e3900000)
  from space 7680K, 0% used [0x00000000e4080000,0x00000000e4080000,0x00000000e4800000)
  to   space 7680K, 0% used [0x00000000e3900000,0x00000000e3900000,0x00000000e4080000)
 ParOldGen       total 58880K, used 17502K [0x00000000a0000000, 0x00000000a3980000, 0x00000000e0000000)
  object space 58880K, 29% used [0x00000000a0000000,0x00000000a1117b30,0x00000000a3980000)
 Metaspace       used 40217K, capacity 41202K, committed 41512K, reserved 1085440K
  class space    used 5512K, capacity 5828K, committed 5928K, reserved 1048576K
Event: 43.068 GC heap after
Heap after GC invocations=15 (full 2):
 PSYoungGen      total 66048K, used 7282K [0x00000000e0000000, 0x00000000e5880000, 0x0000000100000000)
  eden space 58368K, 0% used [0x00000000e0000000,0x00000000e0000000,0x00000000e3900000)
  from space 7680K, 94% used [0x00000000e3900000,0x00000000e401cb58,0x00000000e4080000)
  to   space 8192K, 0% used [0x00000000e5080000,0x00000000e5080000,0x00000000e5880000)
 ParOldGen       total 58880K, used 17510K [0x00000000a0000000, 0x00000000a3980000, 0x00000000e0000000)
  object space 58880K, 29% used [0x00000000a0000000,0x00000000a1119b30,0x00000000a3980000)
 Metaspace       used 40217K, capacity 41202K, committed 41512K, reserved 1085440K
  class space    used 5512K, capacity 5828K, committed 5928K, reserved 1048576K
}

