# JRE version: OpenJDK Runtime Environment (8.0_212-b04) (build 1.8.0_212-release-1586-b04)
# Java VM: OpenJDK 64-Bit Server VM (25.212-b04 mixed mode windows-amd64 compressed oops)
Heap:
 PSYoungGen      total 135680K, used 28136K [0x00000000e0000000, 0x00000000ea880000, 0x0000000100000000)
  eden space 121344K, 23% used [0x00000000e0000000,0x00000000e1b7a0e8,0x00000000e7680000)
  from space 14336K, 0% used [0x00000000e7680000,0x00000000e7680000,0x00000000e8480000)
  to   space 16384K, 0% used [0x00000000e9880000,0x00000000e9880000,0x00000000ea880000)
 ParOldGen       total 71680K, used 64019K [0x00000000a0000000, 0x00000000a4600000, 0x00000000e0000000)
  object space 71680K, 89% used [0x00000000a0000000,0x00000000a3e84c70,0x00000000a4600000)
 Metaspace       used 73181K, capacity 75382K, committed 75928K, reserved 1116160K
  class space    used 9554K, capacity 10084K, committed 10152K, reserved 1048576K
GC Heap History (10 events):
Event: 365.831 GC heap before
{Heap before GC invocations=33 (full 3):
 PSYoungGen      total 115712K, used 112772K [0x00000000e0000000, 0x00000000e8e80000, 0x0000000100000000)
  eden space 105472K, 100% used [0x00000000e0000000,0x00000000e6700000,0x00000000e6700000)
  from space 10240K, 71% used [0x00000000e6700000,0x00000000e6e21108,0x00000000e7100000)
  to   space 10240K, 0% used [0x00000000e8480000,0x00000000e8480000,0x00000000e8e80000)
 ParOldGen       total 71680K, used 48865K [0x00000000a0000000, 0x00000000a4600000, 0x00000000e0000000)
  object space 71680K, 68% used [0x00000000a0000000,0x00000000a2fb8558,0x00000000a4600000)
 Metaspace       used 66408K, capacity 68554K, committed 68760K, reserved 1107968K
  class space    used 8773K, capacity 9278K, committed 9384K, reserved 1048576K
Event: 365.870 GC heap after
Heap after GC invocations=33 (full 3):
 PSYoungGen      total 131584K, used 10222K [0x00000000e0000000, 0x00000000e9400000, 0x0000000100000000)
  eden space 121344K, 0% used [0x00000000e0000000,0x00000000e0000000,0x00000000e7680000)
  from space 10240K, 99% used [0x00000000e8480000,0x00000000e8e7bbc0,0x00000000e8e80000)
  to   space 14336K, 0% used [0x00000000e7680000,0x00000000e7680000,0x00000000e8480000)
 ParOldGen       total 71680K, used 55146K [0x00000000a0000000, 0x00000000a4600000, 0x00000000e0000000)
  object space 71680K, 76% used [0x00000000a0000000,0x00000000a35da9a0,0x00000000a4600000)
 Metaspace       used 66408K, capacity 68554K, committed 68760K, reserved 1107968K
  class space    used 8773K, capacity 9278K, committed 9384K, reserved 1048576K
}
Event: 377.233 GC heap before
{Heap before GC invocations=34 (full 3):
 PSYoungGen      total 131584K, used 131566K [0x00000000e0000000, 0x00000000e9400000, 0x0000000100000000)
  eden space 121344K, 100% used [0x00000000e0000000,0x00000000e7680000,0x00000000e7680000)
  from space 10240K, 99% used [0x00000000e8480000,0x00000000e8e7bbc0,0x00000000e8e80000)
  to   space 14336K, 0% used [0x00000000e7680000,0x00000000e7680000,0x00000000e8480000)
 ParOldGen       total 71680K, used 55146K [0x00000000a0000000, 0x00000000a4600000, 0x00000000e0000000)
  object space 71680K, 76% used [0x00000000a0000000,0x00000000a35da9a0,0x00000000a4600000)
 Metaspace       used 71085K, capacity 73304K, committed 73496K, reserved 1112064K
  class space    used 9379K, capacity 9964K, committed 10024K, reserved 1048576K
Event: 377.290 GC heap after
Heap after GC invocations=34 (full 3):
 PSYoungGen      total 135680K, used 14097K [0x00000000e0000000, 0x00000000ea880000, 0x0000000100000000)
  eden space 121344K, 0% used [0x00000000e0000000,0x00000000e0000000,0x00000000e7680000)
  from space 14336K, 98% used [0x00000000e7680000,0x00000000e8444600,0x00000000e8480000)
  to   space 16384K, 0% used [0x00000000e9880000,0x00000000e9880000,0x00000000ea880000)
 ParOldGen       total 71680K, used 62558K [0x00000000a0000000, 0x00000000a4600000, 0x00000000e0000000)
  object space 71680K, 87% used [0x00000000a0000000,0x00000000a3d179d0,0x00000000a4600000)
 Metaspace       used 71085K, capacity 73304K, committed 73496K, reserved 1112064K
  class space    used 9379K, capacity 9964K, committed 10024K, reserved 1048576K
}
Event: 377.290 GC heap before
{Heap before GC invocations=35 (full 4):
 PSYoungGen      total 135680K, used 14097K [0x00000000e0000000, 0x00000000ea880000, 0x0000000100000000)
  eden space 121344K, 0% used [0x00000000e0000000,0x00000000e0000000,0x00000000e7680000)
  from space 14336K, 98% used [0x00000000e7680000,0x00000000e8444600,0x00000000e8480000)
  to   space 16384K, 0% used [0x00000000e9880000,0x00000000e9880000,0x00000000ea880000)
 ParOldGen       total 71680K, used 62558K [0x00000000a0000000, 0x00000000a4600000, 0x00000000e0000000)
  object space 71680K, 87% used [0x00000000a0000000,0x00000000a3d179d0,0x00000000a4600000)
 Metaspace       used 71085K, capacity 73304K, committed 73496K, reserved 1112064K
  class space    used 9379K, capacity 9964K, committed 10024K, reserved 1048576K
Event: 377.946 GC heap after
Heap after GC invocations=35 (full 4):
 PSYoungGen      total 135680K, used 0K [0x00000000e0000000, 0x00000000ea880000, 0x0000000100000000)
  eden space 121344K, 0% used [0x00000000e0000000,0x00000000e0000000,0x00000000e7680000)
  from space 14336K, 0% used [0x00000000e7680000,0x00000000e7680000,0x00000000e8480000)
  to   space 16384K, 0% used [0x00000000e9880000,0x00000000e9880000,0x00000000ea880000)
 ParOldGen       total 71680K, used 65472K [0x00000000a0000000, 0x00000000a4600000, 0x00000000e0000000)
  object space 71680K, 91% used [0x00000000a0000000,0x00000000a3ff0388,0x00000000a4600000)
 Metaspace       used 71055K, capacity 73218K, committed 73496K, reserved 1112064K
  class space    used 9369K, capacity 9947K, committed 10024K, reserved 1048576K
}
Event: 379.451 GC heap before
{Heap before GC invocations=36 (full 5):
 PSYoungGen      total 135680K, used 121344K [0x00000000e0000000, 0x00000000ea880000, 0x0000000100000000)
  eden space 121344K, 100% used [0x00000000e0000000,0x00000000e7680000,0x00000000e7680000)
  from space 14336K, 0% used [0x00000000e7680000,0x00000000e7680000,0x00000000e8480000)
  to   space 16384K, 0% used [0x00000000e9880000,0x00000000e9880000,0x00000000ea880000)
 ParOldGen       total 71680K, used 65472K [0x00000000a0000000, 0x00000000a4600000, 0x00000000e0000000)
  object space 71680K, 91% used [0x00000000a0000000,0x00000000a3ff0388,0x00000000a4600000)
 Metaspace       used 72004K, capacity 74316K, committed 74648K, reserved 1114112K
  class space    used 9432K, capacity 10017K, committed 10152K, reserved 1048576K
Event: 380.341 GC heap after
Heap after GC invocations=36 (full 5):
 PSYoungGen      total 135680K, used 2241K [0x00000000e0000000, 0x00000000ea880000, 0x0000000100000000)
  eden space 121344K, 1% used [0x00000000e0000000,0x00000000e0230510,0x00000000e7680000)
  from space 14336K, 0% used [0x00000000e7680000,0x00000000e7680000,0x00000000e8480000)
  to   space 16384K, 0% used [0x00000000e9880000,0x00000000e9880000,0x00000000ea880000)
 ParOldGen       total 71680K, used 71469K [0x00000000a0000000, 0x00000000a4600000, 0x00000000e0000000)
  object space 71680K, 99% used [0x00000000a0000000,0x00000000a45cb670,0x00000000a4600000)
 Metaspace       used 72004K, capacity 74316K, committed 74648K, reserved 1114112K
  class space    used 9432K, capacity 10017K, committed 10152K, reserved 1048576K
}
Event: 383.289 GC heap before
{Heap before GC invocations=37 (full 6):
 PSYoungGen      total 135680K, used 121344K [0x00000000e0000000, 0x00000000ea880000, 0x0000000100000000)
  eden space 121344K, 100% used [0x00000000e0000000,0x00000000e7680000,0x00000000e7680000)
  from space 14336K, 0% used [0x00000000e7680000,0x00000000e7680000,0x00000000e8480000)
  to   space 16384K, 0% used [0x00000000e9880000,0x00000000e9880000,0x00000000ea880000)
 ParOldGen       total 71680K, used 71469K [0x00000000a0000000, 0x00000000a4600000, 0x00000000e0000000)
  object space 71680K, 99% used [0x00000000a0000000,0x00000000a45cb670,0x00000000a4600000)
 Metaspace       used 73411K, capacity 75686K, committed 75928K, reserved 1116160K
  class space    used 9575K, capacity 10124K, committed 10152K, reserved 1048576K
Event: 383.751 GC heap after
Heap after GC invocations=37 (full 6):
 PSYoungGen      total 135680K, used 0K [0x00000000e0000000, 0x00000000ea880000, 0x0000000100000000)
  eden space 121344K, 0% used [0x00000000e0000000,0x00000000e0000000,0x00000000e7680000)
  from space 14336K, 0% used [0x00000000e7680000,0x00000000e7680000,0x00000000e8480000)
  to   space 16384K, 0% used [0x00000000e9880000,0x00000000e9880000,0x00000000ea880000)
 ParOldGen       total 71680K, used 64019K [0x00000000a0000000, 0x00000000a4600000, 0x00000000e0000000)
  object space 71680K, 89% used [0x00000000a0000000,0x00000000a3e84c70,0x00000000a4600000)
 Metaspace       used 73160K, capacity 75382K, committed 75928K, reserved 1116160K
  class space    used 9554K, capacity 10084K, committed 10152K, reserved 1048576K
}

